2023-04-26 10:25:24.427 [http-nio-18856-exec-2] DEBUG org.hibernate.SQL - select foodorder0_.id as id1_0_, foodorder0_.food_name as food_nam2_0_, foodorder0_.food_type as food_typ3_0_, foodorder0_.order_id as order_id4_0_, foodorder0_.price as price5_0_, foodorder0_.station_name as station_6_0_, foodorder0_.status as status7_0_, foodorder0_.store_name as store_na8_0_ from food_order foodorder0_ where foodorder0_.order_id=?
2023-04-26 10:25:24.473 [http-nio-18856-exec-2] TRACE o.h.type.descriptor.sql.BasicBinder - binding parameter [1] as [VARCHAR] - [0639b03c-e260-4249-96b5-52219540afe2]
2023-04-26 10:25:24.515 [http-nio-18856-exec-2] TRACE o.h.t.descriptor.sql.BasicExtractor - extracted value ([id1_0_] : [VARCHAR]) - [a5d1d3d2-ee02-477b-bb72-7ccd031fee23]
2023-04-26 10:25:24.523 [http-nio-18856-exec-2] TRACE o.h.t.descriptor.sql.BasicExtractor - extracted value ([food_nam2_0_] : [VARCHAR]) - [Hamburger]
2023-04-26 10:25:24.527 [http-nio-18856-exec-2] TRACE o.h.t.descriptor.sql.BasicExtractor - extracted value ([food_typ3_0_] : [INTEGER]) - [2]
2023-04-26 10:25:24.528 [http-nio-18856-exec-2] TRACE o.h.t.descriptor.sql.BasicExtractor - extracted value ([order_id4_0_] : [VARCHAR]) - [0639b03c-e260-4249-96b5-52219540afe2]
2023-04-26 10:25:24.531 [http-nio-18856-exec-2] TRACE o.h.t.descriptor.sql.BasicExtractor - extracted value ([price5_0_] : [DOUBLE]) - [5.0]
2023-04-26 10:25:24.531 [http-nio-18856-exec-2] TRACE o.h.t.descriptor.sql.BasicExtractor - extracted value ([station_6_0_] : [VARCHAR]) - [yantai]
2023-04-26 10:25:24.531 [http-nio-18856-exec-2] TRACE o.h.t.descriptor.sql.BasicExtractor - extracted value ([status7_0_] : [INTEGER]) - [1]
2023-04-26 10:25:24.532 [http-nio-18856-exec-2] TRACE o.h.t.descriptor.sql.BasicExtractor - extracted value ([store_na8_0_] : [VARCHAR]) - [KFC]
2023-04-26 10:25:38.644 [http-nio-18856-exec-3] DEBUG org.hibernate.SQL - select foodorder0_.id as id1_0_, foodorder0_.food_name as food_nam2_0_, foodorder0_.food_type as food_typ3_0_, foodorder0_.order_id as order_id4_0_, foodorder0_.price as price5_0_, foodorder0_.station_name as station_6_0_, foodorder0_.status as status7_0_, foodorder0_.store_name as store_na8_0_ from food_order foodorder0_ where foodorder0_.order_id=?
2023-04-26 10:25:38.681 [http-nio-18856-exec-3] TRACE o.h.type.descriptor.sql.BasicBinder - binding parameter [1] as [VARCHAR] - [0639b03c-e260-4249-96b5-52219540afe]
2023-04-26 10:25:38.982 [http-nio-18856-exec-3] DEBUG org.hibernate.SQL - insert into food_order (food_name, food_type, order_id, price, station_name, status, store_name, id) values (?, ?, ?, ?, ?, ?, ?, ?)
2023-04-26 10:25:38.984 [http-nio-18856-exec-3] TRACE o.h.type.descriptor.sql.BasicBinder - binding parameter [1] as [VARCHAR] - [Hamburger]
2023-04-26 10:25:38.985 [http-nio-18856-exec-3] TRACE o.h.type.descriptor.sql.BasicBinder - binding parameter [2] as [INTEGER] - [2]
2023-04-26 10:25:38.985 [http-nio-18856-exec-3] TRACE o.h.type.descriptor.sql.BasicBinder - binding parameter [3] as [VARCHAR] - [0639b03c-e260-4249-96b5-52219540afe]
2023-04-26 10:25:38.986 [http-nio-18856-exec-3] TRACE o.h.type.descriptor.sql.BasicBinder - binding parameter [4] as [DOUBLE] - [5.0]
2023-04-26 10:25:38.986 [http-nio-18856-exec-3] TRACE o.h.type.descriptor.sql.BasicBinder - binding parameter [5] as [VARCHAR] - [yantai]
2023-04-26 10:25:38.986 [http-nio-18856-exec-3] TRACE o.h.type.descriptor.sql.BasicBinder - binding parameter [6] as [INTEGER] - [0]
2023-04-26 10:25:38.986 [http-nio-18856-exec-3] TRACE o.h.type.descriptor.sql.BasicBinder - binding parameter [7] as [VARCHAR] - [KFC]
2023-04-26 10:25:38.986 [http-nio-18856-exec-3] TRACE o.h.type.descriptor.sql.BasicBinder - binding parameter [8] as [VARCHAR] - [1ba4ce62-1c08-41b0-8662-3e7d1943a305]
2023-04-26 10:26:41.579 [http-nio-18957-exec-3] DEBUG org.hibernate.SQL - select foodorder0_.id as id1_2_0_, foodorder0_.food_name as food_nam2_2_0_, foodorder0_.food_type as food_typ3_2_0_, foodorder0_.order_id as order_id4_2_0_, foodorder0_.price as price5_2_0_, foodorder0_.station_name as station_6_2_0_, foodorder0_.status as status7_2_0_, foodorder0_.store_name as store_na8_2_0_ from food_order foodorder0_ where foodorder0_.id=?
2023-04-26 10:26:41.592 [http-nio-18957-exec-3] TRACE o.h.type.descriptor.sql.BasicBinder - binding parameter [1] as [VARCHAR] - [1ba4ce62-1c08-41b0-8662-3e7d1943a305]
2023-04-26 10:26:41.642 [http-nio-18957-exec-3] TRACE o.h.t.descriptor.sql.BasicExtractor - extracted value ([food_nam2_2_0_] : [VARCHAR]) - [Hamburger]
2023-04-26 10:26:41.643 [http-nio-18957-exec-3] TRACE o.h.t.descriptor.sql.BasicExtractor - extracted value ([food_typ3_2_0_] : [INTEGER]) - [2]
2023-04-26 10:26:41.643 [http-nio-18957-exec-3] TRACE o.h.t.descriptor.sql.BasicExtractor - extracted value ([order_id4_2_0_] : [VARCHAR]) - [0639b03c-e260-4249-96b5-52219540afe]
2023-04-26 10:26:41.645 [http-nio-18957-exec-3] TRACE o.h.t.descriptor.sql.BasicExtractor - extracted value ([price5_2_0_] : [DOUBLE]) - [5.0]
2023-04-26 10:26:41.645 [http-nio-18957-exec-3] TRACE o.h.t.descriptor.sql.BasicExtractor - extracted value ([station_6_2_0_] : [VARCHAR]) - [yantai]
2023-04-26 10:26:41.645 [http-nio-18957-exec-3] TRACE o.h.t.descriptor.sql.BasicExtractor - extracted value ([status7_2_0_] : [INTEGER]) - [0]
2023-04-26 10:26:41.645 [http-nio-18957-exec-3] TRACE o.h.t.descriptor.sql.BasicExtractor - extracted value ([store_na8_2_0_] : [VARCHAR]) - [KFC]
2023-04-26 10:26:42.009 [http-nio-18957-exec-3] DEBUG org.hibernate.SQL - update food_order set food_name=?, food_type=?, order_id=?, price=?, station_name=?, status=?, store_name=? where id=?
2023-04-26 10:26:42.011 [http-nio-18957-exec-3] TRACE o.h.type.descriptor.sql.BasicBinder - binding parameter [1] as [VARCHAR] - [Hamburger]
2023-04-26 10:26:42.012 [http-nio-18957-exec-3] TRACE o.h.type.descriptor.sql.BasicBinder - binding parameter [2] as [INTEGER] - [2]
2023-04-26 10:26:42.012 [http-nio-18957-exec-3] TRACE o.h.type.descriptor.sql.BasicBinder - binding parameter [3] as [VARCHAR] - [0639b03c-e260-4249-96b5-52219540afe]
2023-04-26 10:26:42.013 [http-nio-18957-exec-3] TRACE o.h.type.descriptor.sql.BasicBinder - binding parameter [4] as [DOUBLE] - [5.0]
2023-04-26 10:26:42.013 [http-nio-18957-exec-3] TRACE o.h.type.descriptor.sql.BasicBinder - binding parameter [5] as [VARCHAR] - [yantai]
2023-04-26 10:26:42.013 [http-nio-18957-exec-3] TRACE o.h.type.descriptor.sql.BasicBinder - binding parameter [6] as [INTEGER] - [1]
2023-04-26 10:26:42.013 [http-nio-18957-exec-3] TRACE o.h.type.descriptor.sql.BasicBinder - binding parameter [7] as [VARCHAR] - [KFC]
2023-04-26 10:26:42.013 [http-nio-18957-exec-3] TRACE o.h.type.descriptor.sql.BasicBinder - binding parameter [8] as [VARCHAR] - [1ba4ce62-1c08-41b0-8662-3e7d1943a305]
2023-04-26 10:27:26.962 [main] DEBUG org.hibernate.SQL - select stationfoo0_.store_id as store_id1_1_0_, stationfoo0_.business_time as business2_1_0_, stationfoo0_.delivery_fee as delivery3_1_0_, stationfoo0_.station_name as station_4_1_0_, stationfoo0_.store_name as store_na5_1_0_, stationfoo0_.telephone as telephon6_1_0_, foodlist1_.store_id as store_id1_0_1_, foodlist1_.food_name as food_nam2_0_1_, foodlist1_.price as price3_0_1_ from station_food_store stationfoo0_ left outer join station_food_list foodlist1_ on stationfoo0_.store_id=foodlist1_.store_id where stationfoo0_.store_id=?
2023-04-26 10:27:26.971 [main] TRACE o.h.type.descriptor.sql.BasicBinder - binding parameter [1] as [VARCHAR] - [fcb0cf39-f7d0-4dc0-9771-96bf28ee22bc]
2023-04-26 10:27:27.313 [main] DEBUG org.hibernate.SQL - select stationfoo0_.store_id as store_id1_1_0_, stationfoo0_.business_time as business2_1_0_, stationfoo0_.delivery_fee as delivery3_1_0_, stationfoo0_.station_name as station_4_1_0_, stationfoo0_.store_name as store_na5_1_0_, stationfoo0_.telephone as telephon6_1_0_ from station_food_store stationfoo0_ where stationfoo0_.store_id=?
2023-04-26 10:27:27.313 [main] TRACE o.h.type.descriptor.sql.BasicBinder - binding parameter [1] as [VARCHAR] - [fcb0cf39-f7d0-4dc0-9771-96bf28ee22bc]
2023-04-26 10:27:27.383 [main] DEBUG org.hibernate.SQL - insert into station_food_store (business_time, delivery_fee, station_name, store_name, telephone, store_id) values (?, ?, ?, ?, ?, ?)
2023-04-26 10:27:27.383 [main] TRACE o.h.type.descriptor.sql.BasicBinder - binding parameter [1] as [VARCHAR] - [10:00-20:00]
2023-04-26 10:27:27.384 [main] TRACE o.h.type.descriptor.sql.BasicBinder - binding parameter [2] as [DOUBLE] - [20.0]
2023-04-26 10:27:27.384 [main] TRACE o.h.type.descriptor.sql.BasicBinder - binding parameter [3] as [VARCHAR] - [shanghai]
2023-04-26 10:27:27.384 [main] TRACE o.h.type.descriptor.sql.BasicBinder - binding parameter [4] as [VARCHAR] - [KFC]
2023-04-26 10:27:27.384 [main] TRACE o.h.type.descriptor.sql.BasicBinder - binding parameter [5] as [VARCHAR] - [01-234567]
2023-04-26 10:27:27.384 [main] TRACE o.h.type.descriptor.sql.BasicBinder - binding parameter [6] as [VARCHAR] - [fcb0cf39-f7d0-4dc0-9771-96bf28ee22bc]
2023-04-26 10:27:27.615 [main] DEBUG org.hibernate.SQL - select stationfoo0_.store_id as store_id1_1_0_, stationfoo0_.business_time as business2_1_0_, stationfoo0_.delivery_fee as delivery3_1_0_, stationfoo0_.station_name as station_4_1_0_, stationfoo0_.store_name as store_na5_1_0_, stationfoo0_.telephone as telephon6_1_0_, foodlist1_.store_id as store_id1_0_1_, foodlist1_.food_name as food_nam2_0_1_, foodlist1_.price as price3_0_1_ from station_food_store stationfoo0_ left outer join station_food_list foodlist1_ on stationfoo0_.store_id=foodlist1_.store_id where stationfoo0_.store_id=?
2023-04-26 10:27:27.620 [main] TRACE o.h.type.descriptor.sql.BasicBinder - binding parameter [1] as [VARCHAR] - [357e7c5e-79d3-42e5-b54a-cdd29cee3c4b]
2023-04-26 10:27:27.876 [main] DEBUG org.hibernate.SQL - select stationfoo0_.store_id as store_id1_1_0_, stationfoo0_.business_time as business2_1_0_, stationfoo0_.delivery_fee as delivery3_1_0_, stationfoo0_.station_name as station_4_1_0_, stationfoo0_.store_name as store_na5_1_0_, stationfoo0_.telephone as telephon6_1_0_ from station_food_store stationfoo0_ where stationfoo0_.store_id=?
2023-04-26 10:27:27.878 [main] TRACE o.h.type.descriptor.sql.BasicBinder - binding parameter [1] as [VARCHAR] - [357e7c5e-79d3-42e5-b54a-cdd29cee3c4b]
2023-04-26 10:27:27.914 [main] DEBUG org.hibernate.SQL - insert into station_food_store (business_time, delivery_fee, station_name, store_name, telephone, store_id) values (?, ?, ?, ?, ?, ?)
2023-04-26 10:27:27.916 [main] TRACE o.h.type.descriptor.sql.BasicBinder - binding parameter [1] as [VARCHAR] - [08:00-21:00]
2023-04-26 10:27:27.916 [main] TRACE o.h.type.descriptor.sql.BasicBinder - binding parameter [2] as [DOUBLE] - [10.0]
2023-04-26 10:27:27.916 [main] TRACE o.h.type.descriptor.sql.BasicBinder - binding parameter [3] as [VARCHAR] - [shanghai]
2023-04-26 10:27:27.916 [main] TRACE o.h.type.descriptor.sql.BasicBinder - binding parameter [4] as [VARCHAR] - [Good Taste]
2023-04-26 10:27:27.916 [main] TRACE o.h.type.descriptor.sql.BasicBinder - binding parameter [5] as [VARCHAR] - [6228480012]
2023-04-26 10:27:27.916 [main] TRACE o.h.type.descriptor.sql.BasicBinder - binding parameter [6] as [VARCHAR] - [357e7c5e-79d3-42e5-b54a-cdd29cee3c4b]
2023-04-26 10:27:28.099 [main] DEBUG org.hibernate.SQL - select stationfoo0_.store_id as store_id1_1_0_, stationfoo0_.business_time as business2_1_0_, stationfoo0_.delivery_fee as delivery3_1_0_, stationfoo0_.station_name as station_4_1_0_, stationfoo0_.store_name as store_na5_1_0_, stationfoo0_.telephone as telephon6_1_0_, foodlist1_.store_id as store_id1_0_1_, foodlist1_.food_name as food_nam2_0_1_, foodlist1_.price as price3_0_1_ from station_food_store stationfoo0_ left outer join station_food_list foodlist1_ on stationfoo0_.store_id=foodlist1_.store_id where stationfoo0_.store_id=?
2023-04-26 10:27:28.100 [main] TRACE o.h.type.descriptor.sql.BasicBinder - binding parameter [1] as [VARCHAR] - [30af5e2f-1a5b-4a9b-a9e1-6c8344295330]
2023-04-26 10:27:28.357 [main] DEBUG org.hibernate.SQL - select stationfoo0_.store_id as store_id1_1_0_, stationfoo0_.business_time as business2_1_0_, stationfoo0_.delivery_fee as delivery3_1_0_, stationfoo0_.station_name as station_4_1_0_, stationfoo0_.store_name as store_na5_1_0_, stationfoo0_.telephone as telephon6_1_0_ from station_food_store stationfoo0_ where stationfoo0_.store_id=?
2023-04-26 10:27:28.358 [main] TRACE o.h.type.descriptor.sql.BasicBinder - binding parameter [1] as [VARCHAR] - [30af5e2f-1a5b-4a9b-a9e1-6c8344295330]
2023-04-26 10:27:28.404 [main] DEBUG org.hibernate.SQL - insert into station_food_store (business_time, delivery_fee, station_name, store_name, telephone, store_id) values (?, ?, ?, ?, ?, ?)
2023-04-26 10:27:28.408 [main] TRACE o.h.type.descriptor.sql.BasicBinder - binding parameter [1] as [VARCHAR] - [08:00-23:00]
2023-04-26 10:27:28.408 [main] TRACE o.h.type.descriptor.sql.BasicBinder - binding parameter [2] as [DOUBLE] - [15.0]
2023-04-26 10:27:28.409 [main] TRACE o.h.type.descriptor.sql.BasicBinder - binding parameter [3] as [VARCHAR] - [nanjing]
2023-04-26 10:27:28.409 [main] TRACE o.h.type.descriptor.sql.BasicBinder - binding parameter [4] as [VARCHAR] - [Burger King]
2023-04-26 10:27:28.409 [main] TRACE o.h.type.descriptor.sql.BasicBinder - binding parameter [5] as [VARCHAR] - [88348215681]
2023-04-26 10:27:28.409 [main] TRACE o.h.type.descriptor.sql.BasicBinder - binding parameter [6] as [VARCHAR] - [30af5e2f-1a5b-4a9b-a9e1-6c8344295330]
2023-04-26 10:27:28.606 [main] DEBUG org.hibernate.SQL - select stationfoo0_.store_id as store_id1_1_0_, stationfoo0_.business_time as business2_1_0_, stationfoo0_.delivery_fee as delivery3_1_0_, stationfoo0_.station_name as station_4_1_0_, stationfoo0_.store_name as store_na5_1_0_, stationfoo0_.telephone as telephon6_1_0_, foodlist1_.store_id as store_id1_0_1_, foodlist1_.food_name as food_nam2_0_1_, foodlist1_.price as price3_0_1_ from station_food_store stationfoo0_ left outer join station_food_list foodlist1_ on stationfoo0_.store_id=foodlist1_.store_id where stationfoo0_.store_id=?
2023-04-26 10:27:28.608 [main] TRACE o.h.type.descriptor.sql.BasicBinder - binding parameter [1] as [VARCHAR] - [f7dfe797-887e-4a08-bd82-4780f6524f4d]
2023-04-26 10:27:28.859 [main] DEBUG org.hibernate.SQL - select stationfoo0_.store_id as store_id1_1_0_, stationfoo0_.business_time as business2_1_0_, stationfoo0_.delivery_fee as delivery3_1_0_, stationfoo0_.station_name as station_4_1_0_, stationfoo0_.store_name as store_na5_1_0_, stationfoo0_.telephone as telephon6_1_0_ from station_food_store stationfoo0_ where stationfoo0_.store_id=?
2023-04-26 10:27:28.861 [main] TRACE o.h.type.descriptor.sql.BasicBinder - binding parameter [1] as [VARCHAR] - [f7dfe797-887e-4a08-bd82-4780f6524f4d]
2023-04-26 10:27:28.896 [main] DEBUG org.hibernate.SQL - insert into station_food_store (business_time, delivery_fee, station_name, store_name, telephone, store_id) values (?, ?, ?, ?, ?, ?)
2023-04-26 10:27:28.897 [main] TRACE o.h.type.descriptor.sql.BasicBinder - binding parameter [1] as [VARCHAR] - [08:00-23:00]
2023-04-26 10:27:28.897 [main] TRACE o.h.type.descriptor.sql.BasicBinder - binding parameter [2] as [DOUBLE] - [15.0]
2023-04-26 10:27:28.897 [main] TRACE o.h.type.descriptor.sql.BasicBinder - binding parameter [3] as [VARCHAR] - [nanjing]
2023-04-26 10:27:28.897 [main] TRACE o.h.type.descriptor.sql.BasicBinder - binding parameter [4] as [VARCHAR] - [Pizza Hut]
2023-04-26 10:27:28.897 [main] TRACE o.h.type.descriptor.sql.BasicBinder - binding parameter [5] as [VARCHAR] - [2382614]
2023-04-26 10:27:28.897 [main] TRACE o.h.type.descriptor.sql.BasicBinder - binding parameter [6] as [VARCHAR] - [f7dfe797-887e-4a08-bd82-4780f6524f4d]
2023-04-26 10:27:29.168 [main] DEBUG org.hibernate.SQL - select stationfoo0_.store_id as store_id1_1_0_, stationfoo0_.business_time as business2_1_0_, stationfoo0_.delivery_fee as delivery3_1_0_, stationfoo0_.station_name as station_4_1_0_, stationfoo0_.store_name as store_na5_1_0_, stationfoo0_.telephone as telephon6_1_0_, foodlist1_.store_id as store_id1_0_1_, foodlist1_.food_name as food_nam2_0_1_, foodlist1_.price as price3_0_1_ from station_food_store stationfoo0_ left outer join station_food_list foodlist1_ on stationfoo0_.store_id=foodlist1_.store_id where stationfoo0_.store_id=?
2023-04-26 10:27:29.172 [main] TRACE o.h.type.descriptor.sql.BasicBinder - binding parameter [1] as [VARCHAR] - [e13fc6f2-1d01-458a-ade8-4002f85faba0]
2023-04-26 10:27:29.423 [main] DEBUG org.hibernate.SQL - select stationfoo0_.store_id as store_id1_1_0_, stationfoo0_.business_time as business2_1_0_, stationfoo0_.delivery_fee as delivery3_1_0_, stationfoo0_.station_name as station_4_1_0_, stationfoo0_.store_name as store_na5_1_0_, stationfoo0_.telephone as telephon6_1_0_ from station_food_store stationfoo0_ where stationfoo0_.store_id=?
2023-04-26 10:27:29.424 [main] TRACE o.h.type.descriptor.sql.BasicBinder - binding parameter [1] as [VARCHAR] - [e13fc6f2-1d01-458a-ade8-4002f85faba0]
2023-04-26 10:27:29.460 [main] DEBUG org.hibernate.SQL - insert into station_food_store (business_time, delivery_fee, station_name, store_name, telephone, store_id) values (?, ?, ?, ?, ?, ?)
2023-04-26 10:27:29.461 [main] TRACE o.h.type.descriptor.sql.BasicBinder - binding parameter [1] as [VARCHAR] - [08:00-23:00]
2023-04-26 10:27:29.461 [main] TRACE o.h.type.descriptor.sql.BasicBinder - binding parameter [2] as [DOUBLE] - [15.0]
2023-04-26 10:27:29.462 [main] TRACE o.h.type.descriptor.sql.BasicBinder - binding parameter [3] as [VARCHAR] - [nanjing]
2023-04-26 10:27:29.462 [main] TRACE o.h.type.descriptor.sql.BasicBinder - binding parameter [4] as [VARCHAR] - [McDonald's]
2023-04-26 10:27:29.462 [main] TRACE o.h.type.descriptor.sql.BasicBinder - binding parameter [5] as [VARCHAR] - [2836485]
2023-04-26 10:27:29.462 [main] TRACE o.h.type.descriptor.sql.BasicBinder - binding parameter [6] as [VARCHAR] - [e13fc6f2-1d01-458a-ade8-4002f85faba0]
2023-04-26 10:27:29.646 [main] DEBUG org.hibernate.SQL - select stationfoo0_.store_id as store_id1_1_0_, stationfoo0_.business_time as business2_1_0_, stationfoo0_.delivery_fee as delivery3_1_0_, stationfoo0_.station_name as station_4_1_0_, stationfoo0_.store_name as store_na5_1_0_, stationfoo0_.telephone as telephon6_1_0_, foodlist1_.store_id as store_id1_0_1_, foodlist1_.food_name as food_nam2_0_1_, foodlist1_.price as price3_0_1_ from station_food_store stationfoo0_ left outer join station_food_list foodlist1_ on stationfoo0_.store_id=foodlist1_.store_id where stationfoo0_.store_id=?
2023-04-26 10:27:29.647 [main] TRACE o.h.type.descriptor.sql.BasicBinder - binding parameter [1] as [VARCHAR] - [a00658f8-ae01-4d7c-925c-ca2e99767fbe]
2023-04-26 10:27:29.896 [main] DEBUG org.hibernate.SQL - select stationfoo0_.store_id as store_id1_1_0_, stationfoo0_.business_time as business2_1_0_, stationfoo0_.delivery_fee as delivery3_1_0_, stationfoo0_.station_name as station_4_1_0_, stationfoo0_.store_name as store_na5_1_0_, stationfoo0_.telephone as telephon6_1_0_ from station_food_store stationfoo0_ where stationfoo0_.store_id=?
2023-04-26 10:27:29.897 [main] TRACE o.h.type.descriptor.sql.BasicBinder - binding parameter [1] as [VARCHAR] - [a00658f8-ae01-4d7c-925c-ca2e99767fbe]
2023-04-26 10:27:29.932 [main] DEBUG org.hibernate.SQL - insert into station_food_store (business_time, delivery_fee, station_name, store_name, telephone, store_id) values (?, ?, ?, ?, ?, ?)
2023-04-26 10:27:29.933 [main] TRACE o.h.type.descriptor.sql.BasicBinder - binding parameter [1] as [VARCHAR] - [09:00-23:00]
2023-04-26 10:27:29.933 [main] TRACE o.h.type.descriptor.sql.BasicBinder - binding parameter [2] as [DOUBLE] - [15.0]
2023-04-26 10:27:29.934 [main] TRACE o.h.type.descriptor.sql.BasicBinder - binding parameter [3] as [VARCHAR] - [suzhou]
2023-04-26 10:27:29.934 [main] TRACE o.h.type.descriptor.sql.BasicBinder - binding parameter [4] as [VARCHAR] - [Roman Holiday]
2023-04-26 10:27:29.934 [main] TRACE o.h.type.descriptor.sql.BasicBinder - binding parameter [5] as [VARCHAR] - [3769464]
2023-04-26 10:27:29.934 [main] TRACE o.h.type.descriptor.sql.BasicBinder - binding parameter [6] as [VARCHAR] - [a00658f8-ae01-4d7c-925c-ca2e99767fbe]
2023-04-26 10:27:30.114 [main] DEBUG org.hibernate.SQL - select stationfoo0_.store_id as store_id1_1_0_, stationfoo0_.business_time as business2_1_0_, stationfoo0_.delivery_fee as delivery3_1_0_, stationfoo0_.station_name as station_4_1_0_, stationfoo0_.store_name as store_na5_1_0_, stationfoo0_.telephone as telephon6_1_0_, foodlist1_.store_id as store_id1_0_1_, foodlist1_.food_name as food_nam2_0_1_, foodlist1_.price as price3_0_1_ from station_food_store stationfoo0_ left outer join station_food_list foodlist1_ on stationfoo0_.store_id=foodlist1_.store_id where stationfoo0_.store_id=?
2023-04-26 10:27:30.115 [main] TRACE o.h.type.descriptor.sql.BasicBinder - binding parameter [1] as [VARCHAR] - [4dc12031-7019-4404-96ba-16c8129aa047]
2023-04-26 10:27:30.360 [main] DEBUG org.hibernate.SQL - select stationfoo0_.store_id as store_id1_1_0_, stationfoo0_.business_time as business2_1_0_, stationfoo0_.delivery_fee as delivery3_1_0_, stationfoo0_.station_name as station_4_1_0_, stationfoo0_.store_name as store_na5_1_0_, stationfoo0_.telephone as telephon6_1_0_ from station_food_store stationfoo0_ where stationfoo0_.store_id=?
2023-04-26 10:27:30.360 [main] TRACE o.h.type.descriptor.sql.BasicBinder - binding parameter [1] as [VARCHAR] - [4dc12031-7019-4404-96ba-16c8129aa047]
2023-04-26 10:27:30.394 [main] DEBUG org.hibernate.SQL - insert into station_food_store (business_time, delivery_fee, station_name, store_name, telephone, store_id) values (?, ?, ?, ?, ?, ?)
2023-04-26 10:27:30.395 [main] TRACE o.h.type.descriptor.sql.BasicBinder - binding parameter [1] as [VARCHAR] - [08:00-23:00]
2023-04-26 10:27:30.395 [main] TRACE o.h.type.descriptor.sql.BasicBinder - binding parameter [2] as [DOUBLE] - [15.0]
2023-04-26 10:27:30.395 [main] TRACE o.h.type.descriptor.sql.BasicBinder - binding parameter [3] as [VARCHAR] - [beijing]
2023-04-26 10:27:30.395 [main] TRACE o.h.type.descriptor.sql.BasicBinder - binding parameter [4] as [VARCHAR] - [Perfect]
2023-04-26 10:27:30.395 [main] TRACE o.h.type.descriptor.sql.BasicBinder - binding parameter [5] as [VARCHAR] - [975335664]
2023-04-26 10:27:30.395 [main] TRACE o.h.type.descriptor.sql.BasicBinder - binding parameter [6] as [VARCHAR] - [4dc12031-7019-4404-96ba-16c8129aa047]
2023-04-26 10:27:30.571 [main] DEBUG org.hibernate.SQL - select stationfoo0_.store_id as store_id1_1_0_, stationfoo0_.business_time as business2_1_0_, stationfoo0_.delivery_fee as delivery3_1_0_, stationfoo0_.station_name as station_4_1_0_, stationfoo0_.store_name as store_na5_1_0_, stationfoo0_.telephone as telephon6_1_0_, foodlist1_.store_id as store_id1_0_1_, foodlist1_.food_name as food_nam2_0_1_, foodlist1_.price as price3_0_1_ from station_food_store stationfoo0_ left outer join station_food_list foodlist1_ on stationfoo0_.store_id=foodlist1_.store_id where stationfoo0_.store_id=?
2023-04-26 10:27:30.571 [main] TRACE o.h.type.descriptor.sql.BasicBinder - binding parameter [1] as [VARCHAR] - [d3476b80-f0de-4c8e-87af-a93b04fb4089]
2023-04-26 10:27:30.813 [main] DEBUG org.hibernate.SQL - select stationfoo0_.store_id as store_id1_1_0_, stationfoo0_.business_time as business2_1_0_, stationfoo0_.delivery_fee as delivery3_1_0_, stationfoo0_.station_name as station_4_1_0_, stationfoo0_.store_name as store_na5_1_0_, stationfoo0_.telephone as telephon6_1_0_ from station_food_store stationfoo0_ where stationfoo0_.store_id=?
2023-04-26 10:27:30.814 [main] TRACE o.h.type.descriptor.sql.BasicBinder - binding parameter [1] as [VARCHAR] - [d3476b80-f0de-4c8e-87af-a93b04fb4089]
2023-04-26 10:27:30.855 [main] DEBUG org.hibernate.SQL - insert into station_food_store (business_time, delivery_fee, station_name, store_name, telephone, store_id) values (?, ?, ?, ?, ?, ?)
2023-04-26 10:27:30.856 [main] TRACE o.h.type.descriptor.sql.BasicBinder - binding parameter [1] as [VARCHAR] - [08:00-21:00]
2023-04-26 10:27:30.857 [main] TRACE o.h.type.descriptor.sql.BasicBinder - binding parameter [2] as [DOUBLE] - [15.0]
2023-04-26 10:27:30.857 [main] TRACE o.h.type.descriptor.sql.BasicBinder - binding parameter [3] as [VARCHAR] - [beijing]
2023-04-26 10:27:30.857 [main] TRACE o.h.type.descriptor.sql.BasicBinder - binding parameter [4] as [VARCHAR] - [Delicious]
2023-04-26 10:27:30.857 [main] TRACE o.h.type.descriptor.sql.BasicBinder - binding parameter [5] as [VARCHAR] - [237452946]
2023-04-26 10:27:30.857 [main] TRACE o.h.type.descriptor.sql.BasicBinder - binding parameter [6] as [VARCHAR] - [d3476b80-f0de-4c8e-87af-a93b04fb4089]
2023-04-26 10:27:31.040 [main] DEBUG org.hibernate.SQL - select stationfoo0_.store_id as store_id1_1_0_, stationfoo0_.business_time as business2_1_0_, stationfoo0_.delivery_fee as delivery3_1_0_, stationfoo0_.station_name as station_4_1_0_, stationfoo0_.store_name as store_na5_1_0_, stationfoo0_.telephone as telephon6_1_0_, foodlist1_.store_id as store_id1_0_1_, foodlist1_.food_name as food_nam2_0_1_, foodlist1_.price as price3_0_1_ from station_food_store stationfoo0_ left outer join station_food_list foodlist1_ on stationfoo0_.store_id=foodlist1_.store_id where stationfoo0_.store_id=?
2023-04-26 10:27:31.042 [main] TRACE o.h.type.descriptor.sql.BasicBinder - binding parameter [1] as [VARCHAR] - [086ebed9-f92d-45e3-a104-a6f42cdc897b]
2023-04-26 10:27:31.312 [main] DEBUG org.hibernate.SQL - select stationfoo0_.store_id as store_id1_1_0_, stationfoo0_.business_time as business2_1_0_, stationfoo0_.delivery_fee as delivery3_1_0_, stationfoo0_.station_name as station_4_1_0_, stationfoo0_.store_name as store_na5_1_0_, stationfoo0_.telephone as telephon6_1_0_ from station_food_store stationfoo0_ where stationfoo0_.store_id=?
2023-04-26 10:27:31.313 [main] TRACE o.h.type.descriptor.sql.BasicBinder - binding parameter [1] as [VARCHAR] - [086ebed9-f92d-45e3-a104-a6f42cdc897b]
2023-04-26 10:27:31.354 [main] DEBUG org.hibernate.SQL - insert into station_food_store (business_time, delivery_fee, station_name, store_name, telephone, store_id) values (?, ?, ?, ?, ?, ?)
2023-04-26 10:27:31.357 [main] TRACE o.h.type.descriptor.sql.BasicBinder - binding parameter [1] as [VARCHAR] - [08:00-21:00]
2023-04-26 10:27:31.358 [main] TRACE o.h.type.descriptor.sql.BasicBinder - binding parameter [2] as [DOUBLE] - [15.0]
2023-04-26 10:27:31.358 [main] TRACE o.h.type.descriptor.sql.BasicBinder - binding parameter [3] as [VARCHAR] - [taiyuan]
2023-04-26 10:27:31.358 [main] TRACE o.h.type.descriptor.sql.BasicBinder - binding parameter [4] as [VARCHAR] - [GOODWILL]
2023-04-26 10:27:31.359 [main] TRACE o.h.type.descriptor.sql.BasicBinder - binding parameter [5] as [VARCHAR] - [23753855]
2023-04-26 10:27:31.359 [main] TRACE o.h.type.descriptor.sql.BasicBinder - binding parameter [6] as [VARCHAR] - [086ebed9-f92d-45e3-a104-a6f42cdc897b]
2023-04-26 10:27:31.550 [main] DEBUG org.hibernate.SQL - select stationfoo0_.store_id as store_id1_1_0_, stationfoo0_.business_time as business2_1_0_, stationfoo0_.delivery_fee as delivery3_1_0_, stationfoo0_.station_name as station_4_1_0_, stationfoo0_.store_name as store_na5_1_0_, stationfoo0_.telephone as telephon6_1_0_, foodlist1_.store_id as store_id1_0_1_, foodlist1_.food_name as food_nam2_0_1_, foodlist1_.price as price3_0_1_ from station_food_store stationfoo0_ left outer join station_food_list foodlist1_ on stationfoo0_.store_id=foodlist1_.store_id where stationfoo0_.store_id=?
2023-04-26 10:27:31.554 [main] TRACE o.h.type.descriptor.sql.BasicBinder - binding parameter [1] as [VARCHAR] - [eb486fb8-77a8-45a0-a4f4-4d05cbbb901e]
2023-04-26 10:27:31.806 [main] DEBUG org.hibernate.SQL - select stationfoo0_.store_id as store_id1_1_0_, stationfoo0_.business_time as business2_1_0_, stationfoo0_.delivery_fee as delivery3_1_0_, stationfoo0_.station_name as station_4_1_0_, stationfoo0_.store_name as store_na5_1_0_, stationfoo0_.telephone as telephon6_1_0_ from station_food_store stationfoo0_ where stationfoo0_.store_id=?
2023-04-26 10:27:31.807 [main] TRACE o.h.type.descriptor.sql.BasicBinder - binding parameter [1] as [VARCHAR] - [eb486fb8-77a8-45a0-a4f4-4d05cbbb901e]
2023-04-26 10:27:31.844 [main] DEBUG org.hibernate.SQL - insert into station_food_store (business_time, delivery_fee, station_name, store_name, telephone, store_id) values (?, ?, ?, ?, ?, ?)
2023-04-26 10:27:31.846 [main] TRACE o.h.type.descriptor.sql.BasicBinder - binding parameter [1] as [VARCHAR] - [10:00-20:00]
2023-04-26 10:27:31.846 [main] TRACE o.h.type.descriptor.sql.BasicBinder - binding parameter [2] as [DOUBLE] - [10.0]
2023-04-26 10:27:31.846 [main] TRACE o.h.type.descriptor.sql.BasicBinder - binding parameter [3] as [VARCHAR] - [yantai]
2023-04-26 10:27:31.846 [main] TRACE o.h.type.descriptor.sql.BasicBinder - binding parameter [4] as [VARCHAR] - [KFC]
2023-04-26 10:27:31.846 [main] TRACE o.h.type.descriptor.sql.BasicBinder - binding parameter [5] as [VARCHAR] - [01-234567]
2023-04-26 10:27:31.846 [main] TRACE o.h.type.descriptor.sql.BasicBinder - binding parameter [6] as [VARCHAR] - [eb486fb8-77a8-45a0-a4f4-4d05cbbb901e]
2023-04-26 10:27:39.756 [http-nio-18957-exec-5] DEBUG org.hibernate.SQL - select foodorder0_.id as id1_2_0_, foodorder0_.food_name as food_nam2_2_0_, foodorder0_.food_type as food_typ3_2_0_, foodorder0_.order_id as order_id4_2_0_, foodorder0_.price as price5_2_0_, foodorder0_.station_name as station_6_2_0_, foodorder0_.status as status7_2_0_, foodorder0_.store_name as store_na8_2_0_ from food_order foodorder0_ where foodorder0_.id=?
2023-04-26 10:27:39.827 [http-nio-18957-exec-5] TRACE o.h.type.descriptor.sql.BasicBinder - binding parameter [1] as [VARCHAR] - [1ba4ce62-1c08-41b0-8662-3e7d1943a305]
2023-04-26 10:27:39.886 [http-nio-18957-exec-5] TRACE o.h.t.descriptor.sql.BasicExtractor - extracted value ([food_nam2_2_0_] : [VARCHAR]) - [Hamburger]
2023-04-26 10:27:39.886 [http-nio-18957-exec-5] TRACE o.h.t.descriptor.sql.BasicExtractor - extracted value ([food_typ3_2_0_] : [INTEGER]) - [2]
2023-04-26 10:27:39.887 [http-nio-18957-exec-5] TRACE o.h.t.descriptor.sql.BasicExtractor - extracted value ([order_id4_2_0_] : [VARCHAR]) - [0639b03c-e260-4249-96b5-52219540afe]
2023-04-26 10:27:39.891 [http-nio-18957-exec-5] TRACE o.h.t.descriptor.sql.BasicExtractor - extracted value ([price5_2_0_] : [DOUBLE]) - [5.0]
2023-04-26 10:27:39.891 [http-nio-18957-exec-5] TRACE o.h.t.descriptor.sql.BasicExtractor - extracted value ([station_6_2_0_] : [VARCHAR]) - [yantai]
2023-04-26 10:27:39.891 [http-nio-18957-exec-5] TRACE o.h.t.descriptor.sql.BasicExtractor - extracted value ([status7_2_0_] : [INTEGER]) - [1]
2023-04-26 10:27:39.891 [http-nio-18957-exec-5] TRACE o.h.t.descriptor.sql.BasicExtractor - extracted value ([store_na8_2_0_] : [VARCHAR]) - [KFC]
2023-04-26 10:28:14.577 [http-nio-18957-exec-7] DEBUG org.hibernate.SQL - select foodorder0_.id as id1_2_0_, foodorder0_.food_name as food_nam2_2_0_, foodorder0_.food_type as food_typ3_2_0_, foodorder0_.order_id as order_id4_2_0_, foodorder0_.price as price5_2_0_, foodorder0_.station_name as station_6_2_0_, foodorder0_.status as status7_2_0_, foodorder0_.store_name as store_na8_2_0_ from food_order foodorder0_ where foodorder0_.id=?
2023-04-26 10:28:14.585 [http-nio-18957-exec-7] TRACE o.h.type.descriptor.sql.BasicBinder - binding parameter [1] as [VARCHAR] - [1ba4ce62-1c08-41b0-8662-3e7d1943a305]
2023-04-26 10:28:14.635 [http-nio-18957-exec-7] TRACE o.h.t.descriptor.sql.BasicExtractor - extracted value ([food_nam2_2_0_] : [VARCHAR]) - [Hamburger]
2023-04-26 10:28:14.635 [http-nio-18957-exec-7] TRACE o.h.t.descriptor.sql.BasicExtractor - extracted value ([food_typ3_2_0_] : [INTEGER]) - [2]
2023-04-26 10:28:14.636 [http-nio-18957-exec-7] TRACE o.h.t.descriptor.sql.BasicExtractor - extracted value ([order_id4_2_0_] : [VARCHAR]) - [0639b03c-e260-4249-96b5-52219540afe]
2023-04-26 10:28:14.636 [http-nio-18957-exec-7] TRACE o.h.t.descriptor.sql.BasicExtractor - extracted value ([price5_2_0_] : [DOUBLE]) - [5.0]
2023-04-26 10:28:14.636 [http-nio-18957-exec-7] TRACE o.h.t.descriptor.sql.BasicExtractor - extracted value ([station_6_2_0_] : [VARCHAR]) - [yantai]
2023-04-26 10:28:14.636 [http-nio-18957-exec-7] TRACE o.h.t.descriptor.sql.BasicExtractor - extracted value ([status7_2_0_] : [INTEGER]) - [1]
2023-04-26 10:28:14.636 [http-nio-18957-exec-7] TRACE o.h.t.descriptor.sql.BasicExtractor - extracted value ([store_na8_2_0_] : [VARCHAR]) - [KFC]
2023-04-26 10:28:15.878 [http-nio-18855-exec-1] DEBUG org.hibernate.SQL - select stationfoo0_.store_id as store_id1_1_0_, stationfoo0_.business_time as business2_1_0_, stationfoo0_.delivery_fee as delivery3_1_0_, stationfoo0_.station_name as station_4_1_0_, stationfoo0_.store_name as store_na5_1_0_, stationfoo0_.telephone as telephon6_1_0_, foodlist1_.store_id as store_id1_0_1_, foodlist1_.food_name as food_nam2_0_1_, foodlist1_.price as price3_0_1_ from station_food_store stationfoo0_ left outer join station_food_list foodlist1_ on stationfoo0_.store_id=foodlist1_.store_id where stationfoo0_.store_id=?
2023-04-26 10:28:15.884 [http-nio-18855-exec-1] TRACE o.h.type.descriptor.sql.BasicBinder - binding parameter [1] as [VARCHAR] - [46454b57-73e1-4fd1-bff4-04bc79c3a6fa]
2023-04-26 10:28:15.943 [http-nio-18855-exec-1] TRACE o.h.t.descriptor.sql.BasicExtractor - extracted value ([business2_1_0_] : [VARCHAR]) - [10:00-20:00]
2023-04-26 10:28:15.946 [http-nio-18855-exec-1] TRACE o.h.t.descriptor.sql.BasicExtractor - extracted value ([delivery3_1_0_] : [DOUBLE]) - [10.0]
2023-04-26 10:28:15.946 [http-nio-18855-exec-1] TRACE o.h.t.descriptor.sql.BasicExtractor - extracted value ([station_4_1_0_] : [VARCHAR]) - [yantai]
2023-04-26 10:28:15.946 [http-nio-18855-exec-1] TRACE o.h.t.descriptor.sql.BasicExtractor - extracted value ([store_na5_1_0_] : [VARCHAR]) - [KFC]
2023-04-26 10:28:15.946 [http-nio-18855-exec-1] TRACE o.h.t.descriptor.sql.BasicExtractor - extracted value ([telephon6_1_0_] : [VARCHAR]) - [01-234567]
2023-04-26 10:28:15.947 [http-nio-18855-exec-1] TRACE o.h.t.descriptor.sql.BasicExtractor - extracted value ([store_id1_0_1_] : [VARCHAR]) - [46454b57-73e1-4fd1-bff4-04bc79c3a6fa]
2023-04-26 10:28:15.948 [http-nio-18855-exec-1] TRACE o.h.t.descriptor.sql.BasicExtractor - extracted value ([food_nam2_0_1_] : [VARCHAR]) - [Hamburger]
2023-04-26 10:28:15.949 [http-nio-18855-exec-1] TRACE o.h.t.descriptor.sql.BasicExtractor - extracted value ([price3_0_1_] : [DOUBLE]) - [5.0]
2023-04-26 10:28:15.949 [http-nio-18855-exec-1] TRACE o.h.t.descriptor.sql.BasicExtractor - extracted value ([store_id1_0_1_] : [VARCHAR]) - [46454b57-73e1-4fd1-bff4-04bc79c3a6fa]
2023-04-26 10:28:15.949 [http-nio-18855-exec-1] TRACE o.h.t.descriptor.sql.BasicExtractor - extracted value ([food_nam2_0_1_] : [VARCHAR]) - [Cola]
2023-04-26 10:28:15.949 [http-nio-18855-exec-1] TRACE o.h.t.descriptor.sql.BasicExtractor - extracted value ([price3_0_1_] : [DOUBLE]) - [2.0]
2023-04-26 10:28:15.949 [http-nio-18855-exec-1] TRACE o.h.t.descriptor.sql.BasicExtractor - extracted value ([store_id1_0_1_] : [VARCHAR]) - [46454b57-73e1-4fd1-bff4-04bc79c3a6fa]
2023-04-26 10:28:15.949 [http-nio-18855-exec-1] TRACE o.h.t.descriptor.sql.BasicExtractor - extracted value ([food_nam2_0_1_] : [VARCHAR]) - [Chicken]
2023-04-26 10:28:15.949 [http-nio-18855-exec-1] TRACE o.h.t.descriptor.sql.BasicExtractor - extracted value ([price3_0_1_] : [DOUBLE]) - [10.5]
2023-04-26 10:28:16.341 [http-nio-18957-exec-7] DEBUG org.hibernate.SQL - insert into food_delivery_order (created_time, delivery_fee, delivery_time, food_order_id, seat_no, station_food_store_id, trip_id, id) values (?, ?, ?, ?, ?, ?, ?, ?)
2023-04-26 10:28:16.344 [http-nio-18957-exec-7] TRACE o.h.type.descriptor.sql.BasicBinder - binding parameter [1] as [VARCHAR] - [2023-04-07 09:34:00]
2023-04-26 10:28:16.347 [http-nio-18957-exec-7] TRACE o.h.type.descriptor.sql.BasicBinder - binding parameter [2] as [DOUBLE] - [15.0]
2023-04-26 10:28:16.347 [http-nio-18957-exec-7] TRACE o.h.type.descriptor.sql.BasicBinder - binding parameter [3] as [VARCHAR] - [2023-10-01 09:34:00]
2023-04-26 10:28:16.347 [http-nio-18957-exec-7] TRACE o.h.type.descriptor.sql.BasicBinder - binding parameter [4] as [VARCHAR] - [1ba4ce62-1c08-41b0-8662-3e7d1943a305]
2023-04-26 10:28:16.347 [http-nio-18957-exec-7] TRACE o.h.type.descriptor.sql.BasicBinder - binding parameter [5] as [INTEGER] - [0]
2023-04-26 10:28:16.347 [http-nio-18957-exec-7] TRACE o.h.type.descriptor.sql.BasicBinder - binding parameter [6] as [VARCHAR] - [46454b57-73e1-4fd1-bff4-04bc79c3a6fa]
2023-04-26 10:28:16.347 [http-nio-18957-exec-7] TRACE o.h.type.descriptor.sql.BasicBinder - binding parameter [7] as [VARCHAR] - [3ccb6246-c69c-49fa-9aa2-15dd9fac6861]
2023-04-26 10:28:16.347 [http-nio-18957-exec-7] TRACE o.h.type.descriptor.sql.BasicBinder - binding parameter [8] as [VARCHAR] - [ff80808187bb60990187bb63db390000]
2023-04-26 10:28:16.401 [http-nio-18957-exec-7] DEBUG org.hibernate.SQL - insert into food_delivery_order_food_list (food_delivery_order_id, food_name, price) values (?, ?, ?)
2023-04-26 10:28:16.404 [http-nio-18957-exec-7] TRACE o.h.type.descriptor.sql.BasicBinder - binding parameter [1] as [VARCHAR] - [ff80808187bb60990187bb63db390000]
2023-04-26 10:28:16.404 [http-nio-18957-exec-7] TRACE o.h.type.descriptor.sql.BasicBinder - binding parameter [2] as [VARCHAR] - [Hamburger]
2023-04-26 10:28:16.404 [http-nio-18957-exec-7] TRACE o.h.type.descriptor.sql.BasicBinder - binding parameter [3] as [DOUBLE] - [5.0]
2023-04-26 10:45:00.670 [http-nio-18856-exec-5] DEBUG org.hibernate.SQL - select foodorder0_.id as id1_0_, foodorder0_.food_name as food_nam2_0_, foodorder0_.food_type as food_typ3_0_, foodorder0_.order_id as order_id4_0_, foodorder0_.price as price5_0_, foodorder0_.station_name as station_6_0_, foodorder0_.status as status7_0_, foodorder0_.store_name as store_na8_0_ from food_order foodorder0_ where foodorder0_.order_id=?
2023-04-26 10:45:00.745 [http-nio-18856-exec-5] TRACE o.h.type.descriptor.sql.BasicBinder - binding parameter [1] as [VARCHAR] - [0639b03c-e260-4249-96b5-52219540afe]
2023-04-26 10:45:00.793 [http-nio-18856-exec-5] TRACE o.h.t.descriptor.sql.BasicExtractor - extracted value ([id1_0_] : [VARCHAR]) - [1ba4ce62-1c08-41b0-8662-3e7d1943a305]
2023-04-26 10:45:00.801 [http-nio-18856-exec-5] TRACE o.h.t.descriptor.sql.BasicExtractor - extracted value ([food_nam2_0_] : [VARCHAR]) - [Hamburger]
2023-04-26 10:45:00.802 [http-nio-18856-exec-5] TRACE o.h.t.descriptor.sql.BasicExtractor - extracted value ([food_typ3_0_] : [INTEGER]) - [2]
2023-04-26 10:45:00.802 [http-nio-18856-exec-5] TRACE o.h.t.descriptor.sql.BasicExtractor - extracted value ([order_id4_0_] : [VARCHAR]) - [0639b03c-e260-4249-96b5-52219540afe]
2023-04-26 10:45:00.803 [http-nio-18856-exec-5] TRACE o.h.t.descriptor.sql.BasicExtractor - extracted value ([price5_0_] : [DOUBLE]) - [5.0]
2023-04-26 10:45:00.803 [http-nio-18856-exec-5] TRACE o.h.t.descriptor.sql.BasicExtractor - extracted value ([station_6_0_] : [VARCHAR]) - [yantai]
2023-04-26 10:45:00.804 [http-nio-18856-exec-5] TRACE o.h.t.descriptor.sql.BasicExtractor - extracted value ([status7_0_] : [INTEGER]) - [1]
2023-04-26 10:45:00.804 [http-nio-18856-exec-5] TRACE o.h.t.descriptor.sql.BasicExtractor - extracted value ([store_na8_0_] : [VARCHAR]) - [KFC]
2023-04-26 10:45:09.898 [http-nio-18856-exec-7] DEBUG org.hibernate.SQL - select foodorder0_.id as id1_0_, foodorder0_.food_name as food_nam2_0_, foodorder0_.food_type as food_typ3_0_, foodorder0_.order_id as order_id4_0_, foodorder0_.price as price5_0_, foodorder0_.station_name as station_6_0_, foodorder0_.status as status7_0_, foodorder0_.store_name as store_na8_0_ from food_order foodorder0_ where foodorder0_.order_id=?
2023-04-26 10:45:09.938 [http-nio-18856-exec-7] TRACE o.h.type.descriptor.sql.BasicBinder - binding parameter [1] as [VARCHAR] - [0639b03c-e260-4249-96b5-52219540af]
2023-04-26 10:45:10.118 [http-nio-18856-exec-7] DEBUG org.hibernate.SQL - insert into food_order (food_name, food_type, order_id, price, station_name, status, store_name, id) values (?, ?, ?, ?, ?, ?, ?, ?)
2023-04-26 10:45:10.120 [http-nio-18856-exec-7] TRACE o.h.type.descriptor.sql.BasicBinder - binding parameter [1] as [VARCHAR] - [Hamburger]
2023-04-26 10:45:10.121 [http-nio-18856-exec-7] TRACE o.h.type.descriptor.sql.BasicBinder - binding parameter [2] as [INTEGER] - [2]
2023-04-26 10:45:10.121 [http-nio-18856-exec-7] TRACE o.h.type.descriptor.sql.BasicBinder - binding parameter [3] as [VARCHAR] - [0639b03c-e260-4249-96b5-52219540af]
2023-04-26 10:45:10.121 [http-nio-18856-exec-7] TRACE o.h.type.descriptor.sql.BasicBinder - binding parameter [4] as [DOUBLE] - [5.0]
2023-04-26 10:45:10.121 [http-nio-18856-exec-7] TRACE o.h.type.descriptor.sql.BasicBinder - binding parameter [5] as [VARCHAR] - [yantai]
2023-04-26 10:45:10.121 [http-nio-18856-exec-7] TRACE o.h.type.descriptor.sql.BasicBinder - binding parameter [6] as [INTEGER] - [0]
2023-04-26 10:45:10.121 [http-nio-18856-exec-7] TRACE o.h.type.descriptor.sql.BasicBinder - binding parameter [7] as [VARCHAR] - [KFC]
2023-04-26 10:45:10.121 [http-nio-18856-exec-7] TRACE o.h.type.descriptor.sql.BasicBinder - binding parameter [8] as [VARCHAR] - [b0928cce-6336-432e-887c-8f2752813edc]
2023-04-26 11:51:15.182 [http-nio-18856-exec-9] DEBUG org.hibernate.SQL - select foodorder0_.id as id1_0_, foodorder0_.food_name as food_nam2_0_, foodorder0_.food_type as food_typ3_0_, foodorder0_.order_id as order_id4_0_, foodorder0_.price as price5_0_, foodorder0_.station_name as station_6_0_, foodorder0_.status as status7_0_, foodorder0_.store_name as store_na8_0_ from food_order foodorder0_ where foodorder0_.order_id=?
2023-04-26 11:51:15.316 [http-nio-18856-exec-9] TRACE o.h.type.descriptor.sql.BasicBinder - binding parameter [1] as [VARCHAR] - [a7283d6d-30b4-46ff-8007-f5d8dc9dfc56]
2023-04-26 11:51:15.743 [http-nio-18856-exec-9] DEBUG org.hibernate.SQL - insert into food_order (food_name, food_type, order_id, price, station_name, status, store_name, id) values (?, ?, ?, ?, ?, ?, ?, ?)
2023-04-26 11:51:15.771 [http-nio-18856-exec-9] TRACE o.h.type.descriptor.sql.BasicBinder - binding parameter [1] as [VARCHAR] - [Hamburger]
2023-04-26 11:51:15.772 [http-nio-18856-exec-9] TRACE o.h.type.descriptor.sql.BasicBinder - binding parameter [2] as [INTEGER] - [2]
2023-04-26 11:51:15.773 [http-nio-18856-exec-9] TRACE o.h.type.descriptor.sql.BasicBinder - binding parameter [3] as [VARCHAR] - [a7283d6d-30b4-46ff-8007-f5d8dc9dfc56]
2023-04-26 11:51:15.776 [http-nio-18856-exec-9] TRACE o.h.type.descriptor.sql.BasicBinder - binding parameter [4] as [DOUBLE] - [5.0]
2023-04-26 11:51:15.777 [http-nio-18856-exec-9] TRACE o.h.type.descriptor.sql.BasicBinder - binding parameter [5] as [VARCHAR] - [yantai]
2023-04-26 11:51:15.777 [http-nio-18856-exec-9] TRACE o.h.type.descriptor.sql.BasicBinder - binding parameter [6] as [INTEGER] - [0]
2023-04-26 11:51:15.777 [http-nio-18856-exec-9] TRACE o.h.type.descriptor.sql.BasicBinder - binding parameter [7] as [VARCHAR] - [KFC]
2023-04-26 11:51:15.778 [http-nio-18856-exec-9] TRACE o.h.type.descriptor.sql.BasicBinder - binding parameter [8] as [VARCHAR] - [b71cd5e2-b50a-4aa3-a70b-7665c7799ee2]
2023-04-26 11:51:17.217 [http-nio-18957-exec-9] DEBUG org.hibernate.SQL - select foodorder0_.id as id1_2_0_, foodorder0_.food_name as food_nam2_2_0_, foodorder0_.food_type as food_typ3_2_0_, foodorder0_.order_id as order_id4_2_0_, foodorder0_.price as price5_2_0_, foodorder0_.station_name as station_6_2_0_, foodorder0_.status as status7_2_0_, foodorder0_.store_name as store_na8_2_0_ from food_order foodorder0_ where foodorder0_.id=?
2023-04-26 11:51:17.251 [http-nio-18957-exec-9] TRACE o.h.type.descriptor.sql.BasicBinder - binding parameter [1] as [VARCHAR] - [b71cd5e2-b50a-4aa3-a70b-7665c7799ee2]
2023-04-26 11:51:17.324 [http-nio-18957-exec-9] TRACE o.h.t.descriptor.sql.BasicExtractor - extracted value ([food_nam2_2_0_] : [VARCHAR]) - [Hamburger]
2023-04-26 11:51:17.327 [http-nio-18957-exec-9] TRACE o.h.t.descriptor.sql.BasicExtractor - extracted value ([food_typ3_2_0_] : [INTEGER]) - [2]
2023-04-26 11:51:17.327 [http-nio-18957-exec-9] TRACE o.h.t.descriptor.sql.BasicExtractor - extracted value ([order_id4_2_0_] : [VARCHAR]) - [a7283d6d-30b4-46ff-8007-f5d8dc9dfc56]
2023-04-26 11:51:17.330 [http-nio-18957-exec-9] TRACE o.h.t.descriptor.sql.BasicExtractor - extracted value ([price5_2_0_] : [DOUBLE]) - [5.0]
2023-04-26 11:51:17.331 [http-nio-18957-exec-9] TRACE o.h.t.descriptor.sql.BasicExtractor - extracted value ([station_6_2_0_] : [VARCHAR]) - [yantai]
2023-04-26 11:51:17.331 [http-nio-18957-exec-9] TRACE o.h.t.descriptor.sql.BasicExtractor - extracted value ([status7_2_0_] : [INTEGER]) - [0]
2023-04-26 11:51:17.331 [http-nio-18957-exec-9] TRACE o.h.t.descriptor.sql.BasicExtractor - extracted value ([store_na8_2_0_] : [VARCHAR]) - [KFC]
2023-04-26 11:51:17.687 [http-nio-18957-exec-9] DEBUG org.hibernate.SQL - update food_order set food_name=?, food_type=?, order_id=?, price=?, station_name=?, status=?, store_name=? where id=?
2023-04-26 11:51:17.689 [http-nio-18957-exec-9] TRACE o.h.type.descriptor.sql.BasicBinder - binding parameter [1] as [VARCHAR] - [Hamburger]
2023-04-26 11:51:17.689 [http-nio-18957-exec-9] TRACE o.h.type.descriptor.sql.BasicBinder - binding parameter [2] as [INTEGER] - [2]
2023-04-26 11:51:17.723 [http-nio-18957-exec-9] TRACE o.h.type.descriptor.sql.BasicBinder - binding parameter [3] as [VARCHAR] - [a7283d6d-30b4-46ff-8007-f5d8dc9dfc56]
2023-04-26 11:51:17.723 [http-nio-18957-exec-9] TRACE o.h.type.descriptor.sql.BasicBinder - binding parameter [4] as [DOUBLE] - [5.0]
2023-04-26 11:51:17.723 [http-nio-18957-exec-9] TRACE o.h.type.descriptor.sql.BasicBinder - binding parameter [5] as [VARCHAR] - [yantai]
2023-04-26 11:51:17.723 [http-nio-18957-exec-9] TRACE o.h.type.descriptor.sql.BasicBinder - binding parameter [6] as [INTEGER] - [1]
2023-04-26 11:51:17.724 [http-nio-18957-exec-9] TRACE o.h.type.descriptor.sql.BasicBinder - binding parameter [7] as [VARCHAR] - [KFC]
2023-04-26 11:51:17.724 [http-nio-18957-exec-9] TRACE o.h.type.descriptor.sql.BasicBinder - binding parameter [8] as [VARCHAR] - [b71cd5e2-b50a-4aa3-a70b-7665c7799ee2]
2023-04-26 11:51:19.376 [http-nio-18855-exec-3] DEBUG org.hibernate.SQL - select stationfoo0_.store_id as store_id1_1_0_, stationfoo0_.business_time as business2_1_0_, stationfoo0_.delivery_fee as delivery3_1_0_, stationfoo0_.station_name as station_4_1_0_, stationfoo0_.store_name as store_na5_1_0_, stationfoo0_.telephone as telephon6_1_0_, foodlist1_.store_id as store_id1_0_1_, foodlist1_.food_name as food_nam2_0_1_, foodlist1_.price as price3_0_1_ from station_food_store stationfoo0_ left outer join station_food_list foodlist1_ on stationfoo0_.store_id=foodlist1_.store_id where stationfoo0_.store_id=?
2023-04-26 11:51:19.409 [http-nio-18855-exec-3] TRACE o.h.type.descriptor.sql.BasicBinder - binding parameter [1] as [VARCHAR] - [46454b57-73e1-4fd1-bff4-04bc79c3a6fa]
2023-04-26 11:51:19.479 [http-nio-18855-exec-3] TRACE o.h.t.descriptor.sql.BasicExtractor - extracted value ([business2_1_0_] : [VARCHAR]) - [10:00-20:00]
2023-04-26 11:51:19.483 [http-nio-18855-exec-3] TRACE o.h.t.descriptor.sql.BasicExtractor - extracted value ([delivery3_1_0_] : [DOUBLE]) - [10.0]
2023-04-26 11:51:19.483 [http-nio-18855-exec-3] TRACE o.h.t.descriptor.sql.BasicExtractor - extracted value ([station_4_1_0_] : [VARCHAR]) - [yantai]
2023-04-26 11:51:19.483 [http-nio-18855-exec-3] TRACE o.h.t.descriptor.sql.BasicExtractor - extracted value ([store_na5_1_0_] : [VARCHAR]) - [KFC]
2023-04-26 11:51:19.483 [http-nio-18855-exec-3] TRACE o.h.t.descriptor.sql.BasicExtractor - extracted value ([telephon6_1_0_] : [VARCHAR]) - [01-234567]
2023-04-26 11:51:19.489 [http-nio-18855-exec-3] TRACE o.h.t.descriptor.sql.BasicExtractor - extracted value ([store_id1_0_1_] : [VARCHAR]) - [46454b57-73e1-4fd1-bff4-04bc79c3a6fa]
2023-04-26 11:51:19.493 [http-nio-18855-exec-3] TRACE o.h.t.descriptor.sql.BasicExtractor - extracted value ([food_nam2_0_1_] : [VARCHAR]) - [Hamburger]
2023-04-26 11:51:19.494 [http-nio-18855-exec-3] TRACE o.h.t.descriptor.sql.BasicExtractor - extracted value ([price3_0_1_] : [DOUBLE]) - [5.0]
2023-04-26 11:51:19.504 [http-nio-18855-exec-3] TRACE o.h.t.descriptor.sql.BasicExtractor - extracted value ([store_id1_0_1_] : [VARCHAR]) - [46454b57-73e1-4fd1-bff4-04bc79c3a6fa]
2023-04-26 11:51:19.506 [http-nio-18855-exec-3] TRACE o.h.t.descriptor.sql.BasicExtractor - extracted value ([food_nam2_0_1_] : [VARCHAR]) - [Cola]
2023-04-26 11:51:19.506 [http-nio-18855-exec-3] TRACE o.h.t.descriptor.sql.BasicExtractor - extracted value ([price3_0_1_] : [DOUBLE]) - [2.0]
2023-04-26 11:51:19.506 [http-nio-18855-exec-3] TRACE o.h.t.descriptor.sql.BasicExtractor - extracted value ([store_id1_0_1_] : [VARCHAR]) - [46454b57-73e1-4fd1-bff4-04bc79c3a6fa]
2023-04-26 11:51:19.509 [http-nio-18855-exec-3] TRACE o.h.t.descriptor.sql.BasicExtractor - extracted value ([food_nam2_0_1_] : [VARCHAR]) - [Chicken]
2023-04-26 11:51:19.509 [http-nio-18855-exec-3] TRACE o.h.t.descriptor.sql.BasicExtractor - extracted value ([price3_0_1_] : [DOUBLE]) - [10.5]
2023-04-26 11:51:20.542 [http-nio-18957-exec-9] DEBUG org.hibernate.SQL - insert into food_delivery_order (created_time, delivery_fee, delivery_time, food_order_id, seat_no, station_food_store_id, trip_id, id) values (?, ?, ?, ?, ?, ?, ?, ?)
2023-04-26 11:51:20.552 [http-nio-18957-exec-9] TRACE o.h.type.descriptor.sql.BasicBinder - binding parameter [1] as [VARCHAR] - [2023-04-07 09:34:00]
2023-04-26 11:51:20.556 [http-nio-18957-exec-9] TRACE o.h.type.descriptor.sql.BasicBinder - binding parameter [2] as [DOUBLE] - [15.0]
2023-04-26 11:51:20.558 [http-nio-18957-exec-9] TRACE o.h.type.descriptor.sql.BasicBinder - binding parameter [3] as [VARCHAR] - [2023-10-01 09:34:00]
2023-04-26 11:51:20.558 [http-nio-18957-exec-9] TRACE o.h.type.descriptor.sql.BasicBinder - binding parameter [4] as [VARCHAR] - [b71cd5e2-b50a-4aa3-a70b-7665c7799ee2]
2023-04-26 11:51:20.558 [http-nio-18957-exec-9] TRACE o.h.type.descriptor.sql.BasicBinder - binding parameter [5] as [INTEGER] - [0]
2023-04-26 11:51:20.558 [http-nio-18957-exec-9] TRACE o.h.type.descriptor.sql.BasicBinder - binding parameter [6] as [VARCHAR] - [46454b57-73e1-4fd1-bff4-04bc79c3a6fa]
2023-04-26 11:51:20.558 [http-nio-18957-exec-9] TRACE o.h.type.descriptor.sql.BasicBinder - binding parameter [7] as [VARCHAR] - [3ccb6246-c69c-49fa-9aa2-15dd9fac6861]
2023-04-26 11:51:20.558 [http-nio-18957-exec-9] TRACE o.h.type.descriptor.sql.BasicBinder - binding parameter [8] as [VARCHAR] - [ff80808187bb60990187bbafe8c30001]
2023-04-26 11:51:20.596 [http-nio-18957-exec-9] DEBUG org.hibernate.SQL - insert into food_delivery_order_food_list (food_delivery_order_id, food_name, price) values (?, ?, ?)
2023-04-26 11:51:20.596 [http-nio-18957-exec-9] TRACE o.h.type.descriptor.sql.BasicBinder - binding parameter [1] as [VARCHAR] - [ff80808187bb60990187bbafe8c30001]
2023-04-26 11:51:20.596 [http-nio-18957-exec-9] TRACE o.h.type.descriptor.sql.BasicBinder - binding parameter [2] as [VARCHAR] - [Hamburger]
2023-04-26 11:51:20.596 [http-nio-18957-exec-9] TRACE o.h.type.descriptor.sql.BasicBinder - binding parameter [3] as [DOUBLE] - [5.0]
