2023-05-01 00:24:12.185 [http-nio-16111-exec-1] DEBUG org.hibernate.SQL - select consignrec0_.consign_record_id as consign_1_0_0_, consignrec0_.user_id as user_id2_0_0_, consignrec0_.consignee as consigne3_0_0_, consignrec0_.from_place as from_pla4_0_0_, consignrec0_.handle_date as handle_d5_0_0_, consignrec0_.order_id as order_id6_0_0_, consignrec0_.consign_record_phone as consign_7_0_0_, consignrec0_.consign_record_price as consign_8_0_0_, consignrec0_.target_date as target_d9_0_0_, consignrec0_.to_place as to_plac10_0_0_, consignrec0_.weight as weight11_0_0_ from consign_record consignrec0_ where consignrec0_.consign_record_id=?
2023-05-01 00:24:12.204 [http-nio-16111-exec-1] TRACE o.h.type.descriptor.sql.BasicBinder - binding parameter [1] as [VARCHAR] - [cdcccf7e-fe62-4ce4-83c0-6eb99b789fea]
2023-05-01 00:24:12.395 [http-nio-16111-exec-1] DEBUG org.hibernate.SQL - insert into consign_record (user_id, consignee, from_place, handle_date, order_id, consign_record_phone, consign_record_price, target_date, to_place, weight, consign_record_id) values (?, ?, ?, ?, ?, ?, ?, ?, ?, ?, ?)
2023-05-01 00:24:12.396 [http-nio-16111-exec-1] TRACE o.h.type.descriptor.sql.BasicBinder - binding parameter [1] as [VARCHAR] - [3e5a07f4-4a9c-44cd-9997-1ce77883fc45]
2023-05-01 00:24:12.396 [http-nio-16111-exec-1] TRACE o.h.type.descriptor.sql.BasicBinder - binding parameter [2] as [VARCHAR] - [xyc]
2023-05-01 00:24:12.396 [http-nio-16111-exec-1] TRACE o.h.type.descriptor.sql.BasicBinder - binding parameter [3] as [VARCHAR] - [jinan]
2023-05-01 00:24:12.396 [http-nio-16111-exec-1] TRACE o.h.type.descriptor.sql.BasicBinder - binding parameter [4] as [VARCHAR] - [2023-04-07 09:34:00]
2023-05-01 00:24:12.396 [http-nio-16111-exec-1] TRACE o.h.type.descriptor.sql.BasicBinder - binding parameter [5] as [VARCHAR] - [0639b03c-e260-4249-96b5-52219540afe2rr]
2023-05-01 00:24:12.397 [http-nio-16111-exec-1] TRACE o.h.type.descriptor.sql.BasicBinder - binding parameter [6] as [VARCHAR] - [17836523645]
2023-05-01 00:24:12.397 [http-nio-16111-exec-1] TRACE o.h.type.descriptor.sql.BasicBinder - binding parameter [7] as [DOUBLE] - [0.0]
2023-05-01 00:24:12.398 [http-nio-16111-exec-1] TRACE o.h.type.descriptor.sql.BasicBinder - binding parameter [8] as [VARCHAR] - [2023-10-01 09:34:00]
2023-05-01 00:24:12.398 [http-nio-16111-exec-1] TRACE o.h.type.descriptor.sql.BasicBinder - binding parameter [9] as [VARCHAR] - [weihai]
2023-05-01 00:24:12.398 [http-nio-16111-exec-1] TRACE o.h.type.descriptor.sql.BasicBinder - binding parameter [10] as [DOUBLE] - [3.0]
2023-05-01 00:24:12.398 [http-nio-16111-exec-1] TRACE o.h.type.descriptor.sql.BasicBinder - binding parameter [11] as [VARCHAR] - [cdcccf7e-fe62-4ce4-83c0-6eb99b789fea]
2023-05-01 00:24:20.111 [http-nio-16110-exec-1] DEBUG org.hibernate.SQL - select consignpri0_.id as id1_0_, consignpri0_.beyond_price as beyond_p2_0_, consignpri0_.idx as idx3_0_, consignpri0_.initial_price as initial_4_0_, consignpri0_.initial_weight as initial_5_0_, consignpri0_.within_price as within_p6_0_ from consign_price consignpri0_ where consignpri0_.idx=?
2023-05-01 00:24:20.209 [http-nio-16110-exec-1] TRACE o.h.type.descriptor.sql.BasicBinder - binding parameter [1] as [INTEGER] - [0]
2023-05-01 00:24:20.255 [http-nio-16110-exec-1] TRACE o.h.t.descriptor.sql.BasicExtractor - extracted value ([id1_0_] : [VARCHAR]) - [64d29c42-8ff5-4d32-ab70-368bb3da3077]
2023-05-01 00:24:20.281 [http-nio-16110-exec-1] TRACE o.h.t.descriptor.sql.BasicExtractor - extracted value ([beyond_p2_0_] : [DOUBLE]) - [4.0]
2023-05-01 00:24:20.283 [http-nio-16110-exec-1] TRACE o.h.t.descriptor.sql.BasicExtractor - extracted value ([idx3_0_] : [INTEGER]) - [0]
2023-05-01 00:24:20.287 [http-nio-16110-exec-1] TRACE o.h.t.descriptor.sql.BasicExtractor - extracted value ([initial_4_0_] : [DOUBLE]) - [8.0]
2023-05-01 00:24:20.287 [http-nio-16110-exec-1] TRACE o.h.t.descriptor.sql.BasicExtractor - extracted value ([initial_5_0_] : [DOUBLE]) - [1.0]
2023-05-01 00:24:20.287 [http-nio-16110-exec-1] TRACE o.h.t.descriptor.sql.BasicExtractor - extracted value ([within_p6_0_] : [DOUBLE]) - [2.0]
2023-05-01 00:24:22.326 [http-nio-16111-exec-3] DEBUG org.hibernate.SQL - select consignrec0_.consign_record_id as consign_1_0_0_, consignrec0_.user_id as user_id2_0_0_, consignrec0_.consignee as consigne3_0_0_, consignrec0_.from_place as from_pla4_0_0_, consignrec0_.handle_date as handle_d5_0_0_, consignrec0_.order_id as order_id6_0_0_, consignrec0_.consign_record_phone as consign_7_0_0_, consignrec0_.consign_record_price as consign_8_0_0_, consignrec0_.target_date as target_d9_0_0_, consignrec0_.to_place as to_plac10_0_0_, consignrec0_.weight as weight11_0_0_ from consign_record consignrec0_ where consignrec0_.consign_record_id=?
2023-05-01 00:24:22.338 [http-nio-16111-exec-3] TRACE o.h.type.descriptor.sql.BasicBinder - binding parameter [1] as [VARCHAR] - [cdcccf7e-fe62-4ce4-83c0-6eb99b789fea]
2023-05-01 00:24:22.428 [http-nio-16111-exec-3] TRACE o.h.t.descriptor.sql.BasicExtractor - extracted value ([user_id2_0_0_] : [VARCHAR]) - [3e5a07f4-4a9c-44cd-9997-1ce77883fc45]
2023-05-01 00:24:22.428 [http-nio-16111-exec-3] TRACE o.h.t.descriptor.sql.BasicExtractor - extracted value ([consigne3_0_0_] : [VARCHAR]) - [xyc]
2023-05-01 00:24:22.428 [http-nio-16111-exec-3] TRACE o.h.t.descriptor.sql.BasicExtractor - extracted value ([from_pla4_0_0_] : [VARCHAR]) - [jinan]
2023-05-01 00:24:22.428 [http-nio-16111-exec-3] TRACE o.h.t.descriptor.sql.BasicExtractor - extracted value ([handle_d5_0_0_] : [VARCHAR]) - [2023-04-07 09:34:00]
2023-05-01 00:24:22.429 [http-nio-16111-exec-3] TRACE o.h.t.descriptor.sql.BasicExtractor - extracted value ([order_id6_0_0_] : [VARCHAR]) - [0639b03c-e260-4249-96b5-52219540afe2rr]
2023-05-01 00:24:22.429 [http-nio-16111-exec-3] TRACE o.h.t.descriptor.sql.BasicExtractor - extracted value ([consign_7_0_0_] : [VARCHAR]) - [17836523645]
2023-05-01 00:24:22.433 [http-nio-16111-exec-3] TRACE o.h.t.descriptor.sql.BasicExtractor - extracted value ([consign_8_0_0_] : [DOUBLE]) - [0.0]
2023-05-01 00:24:22.433 [http-nio-16111-exec-3] TRACE o.h.t.descriptor.sql.BasicExtractor - extracted value ([target_d9_0_0_] : [VARCHAR]) - [2023-10-01 09:34:00]
2023-05-01 00:24:22.436 [http-nio-16111-exec-3] TRACE o.h.t.descriptor.sql.BasicExtractor - extracted value ([to_plac10_0_0_] : [VARCHAR]) - [weihai]
2023-05-01 00:24:22.437 [http-nio-16111-exec-3] TRACE o.h.t.descriptor.sql.BasicExtractor - extracted value ([weight11_0_0_] : [DOUBLE]) - [3.0]
2023-05-01 00:24:22.713 [http-nio-16111-exec-3] DEBUG org.hibernate.SQL - update consign_record set user_id=?, consignee=?, from_place=?, handle_date=?, order_id=?, consign_record_phone=?, consign_record_price=?, target_date=?, to_place=?, weight=? where consign_record_id=?
2023-05-01 00:24:22.715 [http-nio-16111-exec-3] TRACE o.h.type.descriptor.sql.BasicBinder - binding parameter [1] as [VARCHAR] - [3e5a07f4-4a9c-44cd-9997-1ce77883fc45]
2023-05-01 00:24:22.715 [http-nio-16111-exec-3] TRACE o.h.type.descriptor.sql.BasicBinder - binding parameter [2] as [VARCHAR] - [xyc]
2023-05-01 00:24:22.715 [http-nio-16111-exec-3] TRACE o.h.type.descriptor.sql.BasicBinder - binding parameter [3] as [VARCHAR] - [jinan]
2023-05-01 00:24:22.715 [http-nio-16111-exec-3] TRACE o.h.type.descriptor.sql.BasicBinder - binding parameter [4] as [VARCHAR] - [2023-04-07 09:34:00]
2023-05-01 00:24:22.715 [http-nio-16111-exec-3] TRACE o.h.type.descriptor.sql.BasicBinder - binding parameter [5] as [VARCHAR] - [0639b03c-e260-4249-96b5-52219540afe2rr]
2023-05-01 00:24:22.715 [http-nio-16111-exec-3] TRACE o.h.type.descriptor.sql.BasicBinder - binding parameter [6] as [VARCHAR] - [17836523645]
2023-05-01 00:24:22.716 [http-nio-16111-exec-3] TRACE o.h.type.descriptor.sql.BasicBinder - binding parameter [7] as [DOUBLE] - [12.0]
2023-05-01 00:24:22.716 [http-nio-16111-exec-3] TRACE o.h.type.descriptor.sql.BasicBinder - binding parameter [8] as [VARCHAR] - [2023-10-01 09:34:00]
2023-05-01 00:24:22.716 [http-nio-16111-exec-3] TRACE o.h.type.descriptor.sql.BasicBinder - binding parameter [9] as [VARCHAR] - [weihai]
2023-05-01 00:24:22.718 [http-nio-16111-exec-3] TRACE o.h.type.descriptor.sql.BasicBinder - binding parameter [10] as [DOUBLE] - [3.0]
2023-05-01 00:24:22.718 [http-nio-16111-exec-3] TRACE o.h.type.descriptor.sql.BasicBinder - binding parameter [11] as [VARCHAR] - [cdcccf7e-fe62-4ce4-83c0-6eb99b789fea]
